This is pdfTeX, Version 3.14159265-2.6-1.40.17 (TeX Live 2016) (preloaded format=pdflatex 2016.5.22)  4 OCT 2016 22:43
entering extended mode
 \write18 enabled.
 file:line:error style messages enabled.
 %&-line parsing enabled.
**Donovan_Guelde_CSCI5352_PS3.tex
(./Donovan_Guelde_CSCI5352_PS3.tex
LaTeX2e <2016/03/31>
Babel <3.9r> and hyphenation patterns for 83 language(s) loaded.
(/usr/local/texlive/2016/texmf-dist/tex/latex/base/article.cls
Document Class: article 2014/09/29 v1.4h Standard LaTeX document class
(/usr/local/texlive/2016/texmf-dist/tex/latex/base/size11.clo
File: size11.clo 2014/09/29 v1.4h Standard LaTeX file (size option)
)
\c@part=\count79
\c@section=\count80
\c@subsection=\count81
\c@subsubsection=\count82
\c@paragraph=\count83
\c@subparagraph=\count84
\c@figure=\count85
\c@table=\count86
\abovecaptionskip=\skip41
\belowcaptionskip=\skip42
\bibindent=\dimen102
)
(/usr/local/texlive/2016/texmf-dist/tex/latex/geometry/geometry.sty
Package: geometry 2010/09/12 v5.6 Page Geometry

(/usr/local/texlive/2016/texmf-dist/tex/latex/graphics/keyval.sty
Package: keyval 2014/10/28 v1.15 key=value parser (DPC)
\KV@toks@=\toks14
)
(/usr/local/texlive/2016/texmf-dist/tex/generic/oberdiek/ifpdf.sty
Package: ifpdf 2016/05/14 v3.1 Provides the ifpdf switch
)
(/usr/local/texlive/2016/texmf-dist/tex/generic/oberdiek/ifvtex.sty
Package: ifvtex 2016/05/16 v1.6 Detect VTeX and its facilities (HO)
Package ifvtex Info: VTeX not detected.
)
(/usr/local/texlive/2016/texmf-dist/tex/generic/ifxetex/ifxetex.sty
Package: ifxetex 2010/09/12 v0.6 Provides ifxetex conditional
)
\Gm@cnth=\count87
\Gm@cntv=\count88
\c@Gm@tempcnt=\count89
\Gm@bindingoffset=\dimen103
\Gm@wd@mp=\dimen104
\Gm@odd@mp=\dimen105
\Gm@even@mp=\dimen106
\Gm@layoutwidth=\dimen107
\Gm@layoutheight=\dimen108
\Gm@layouthoffset=\dimen109
\Gm@layoutvoffset=\dimen110
\Gm@dimlist=\toks15
)
(/usr/local/texlive/2016/texmf-dist/tex/latex/graphics/graphicx.sty
Package: graphicx 2014/10/28 v1.0g Enhanced LaTeX Graphics (DPC,SPQR)

(/usr/local/texlive/2016/texmf-dist/tex/latex/graphics/graphics.sty
Package: graphics 2016/05/09 v1.0r Standard LaTeX Graphics (DPC,SPQR)

(/usr/local/texlive/2016/texmf-dist/tex/latex/graphics/trig.sty
Package: trig 2016/01/03 v1.10 sin cos tan (DPC)
)
(/usr/local/texlive/2016/texmf-dist/tex/latex/graphics-cfg/graphics.cfg
File: graphics.cfg 2016/01/02 v1.10 sample graphics configuration
)
Package graphics Info: Driver file: pdftex.def on input line 96.

(/usr/local/texlive/2016/texmf-dist/tex/latex/pdftex-def/pdftex.def
File: pdftex.def 2011/05/27 v0.06d Graphics/color for pdfTeX

(/usr/local/texlive/2016/texmf-dist/tex/generic/oberdiek/infwarerr.sty
Package: infwarerr 2016/05/16 v1.4 Providing info/warning/error messages (HO)
)
(/usr/local/texlive/2016/texmf-dist/tex/generic/oberdiek/ltxcmds.sty
Package: ltxcmds 2016/05/16 v1.23 LaTeX kernel commands for general use (HO)
)
\Gread@gobject=\count90
))
\Gin@req@height=\dimen111
\Gin@req@width=\dimen112
)
(/usr/local/texlive/2016/texmf-dist/tex/latex/amsfonts/amssymb.sty
Package: amssymb 2013/01/14 v3.01 AMS font symbols

(/usr/local/texlive/2016/texmf-dist/tex/latex/amsfonts/amsfonts.sty
Package: amsfonts 2013/01/14 v3.01 Basic AMSFonts support
\@emptytoks=\toks16
\symAMSa=\mathgroup4
\symAMSb=\mathgroup5
LaTeX Font Info:    Overwriting math alphabet `\mathfrak' in version `bold'
(Font)                  U/euf/m/n --> U/euf/b/n on input line 106.
))
(/usr/local/texlive/2016/texmf-dist/tex/latex/minted/minted.sty
Package: minted 2016/07/20 v2.4 Yet another Pygments shim for LaTeX

(/usr/local/texlive/2016/texmf-dist/tex/latex/oberdiek/kvoptions.sty
Package: kvoptions 2016/05/16 v3.12 Key value format for package options (HO)

(/usr/local/texlive/2016/texmf-dist/tex/generic/oberdiek/kvsetkeys.sty
Package: kvsetkeys 2016/05/16 v1.17 Key value parser (HO)

(/usr/local/texlive/2016/texmf-dist/tex/generic/oberdiek/etexcmds.sty
Package: etexcmds 2016/05/16 v1.6 Avoid name clashes with e-TeX commands (HO)

(/usr/local/texlive/2016/texmf-dist/tex/generic/oberdiek/ifluatex.sty
Package: ifluatex 2016/05/16 v1.4 Provides the ifluatex switch (HO)
Package ifluatex Info: LuaTeX not detected.
)
Package etexcmds Info: Could not find \expanded.
(etexcmds)             That can mean that you are not using pdfTeX 1.50 or
(etexcmds)             that some package has redefined \expanded.
(etexcmds)             In the latter case, load this package earlier.
)))
(/usr/local/texlive/2016/texmf-dist/tex/latex/fvextra/fvextra.sty
Package: fvextra 2016/09/02 v1.2.1 fvextra - extensions and patches for fancyvr
b

(/usr/local/texlive/2016/texmf-dist/tex/latex/base/ifthen.sty
Package: ifthen 2014/09/29 v1.1c Standard LaTeX ifthen package (DPC)
)
(/usr/local/texlive/2016/texmf-dist/tex/latex/etoolbox/etoolbox.sty
Package: etoolbox 2015/08/02 v2.2a e-TeX tools for LaTeX (JAW)
\etb@tempcnta=\count91
)
(/usr/local/texlive/2016/texmf-dist/tex/latex/fancyvrb/fancyvrb.sty
Package: fancyvrb 2008/02/07

Style option: `fancyvrb' v2.7a, with DG/SPQR fixes, and firstline=lastline fix 
<2008/02/07> (tvz)
\FV@CodeLineNo=\count92
\FV@InFile=\read1
\FV@TabBox=\box26
\c@FancyVerbLine=\count93
\FV@StepNumber=\count94
\FV@OutFile=\write3
)
(/usr/local/texlive/2016/texmf-dist/tex/latex/upquote/upquote.sty
Package: upquote 2012/04/19 v1.3 upright-quote and grave-accent glyphs in verba
tim
)
(/usr/local/texlive/2016/texmf-dist/tex/latex/lineno/lineno.sty
Package: lineno 2005/11/02 line numbers on paragraphs v4.41
\linenopenalty=\count95
\output=\toks17
\linenoprevgraf=\count96
\linenumbersep=\dimen113
\linenumberwidth=\dimen114
\c@linenumber=\count97
\c@pagewiselinenumber=\count98
\c@LN@truepage=\count99
\c@internallinenumber=\count100
\c@internallinenumbers=\count101
\quotelinenumbersep=\dimen115
\bframerule=\dimen116
\bframesep=\dimen117
\bframebox=\box27
LaTeX Info: Redefining \\ on input line 3056.
)
\c@FV@TrueTabGroupLevel=\count102
\c@FV@TrueTabCounter=\count103
\FV@TabBox@Group=\box28
\FV@TmpLength=\skip43
\c@FV@HighlightLinesStart=\count104
\c@FV@HighlightLinesStop=\count105
\FV@BreakIndent=\dimen118
\FV@BreakSymbolSepLeft=\dimen119
\FV@BreakSymbolSepRight=\dimen120
\FV@BreakSymbolIndentLeft=\dimen121
\FV@BreakSymbolIndentRight=\dimen122
\c@FancyVerbLineBreakLast=\count106
\FV@LineBox=\box29
\FV@LineIndentBox=\box30
)
(/usr/local/texlive/2016/texmf-dist/tex/latex/float/float.sty
Package: float 2001/11/08 v1.3d Float enhancements (AL)
\c@float@type=\count107
\float@exts=\toks18
\float@box=\box31
\@float@everytoks=\toks19
\@floatcapt=\box32
)
(/usr/local/texlive/2016/texmf-dist/tex/latex/tools/calc.sty
Package: calc 2014/10/28 v4.3 Infix arithmetic (KKT,FJ)
\calc@Acount=\count108
\calc@Bcount=\count109
\calc@Adimen=\dimen123
\calc@Bdimen=\dimen124
\calc@Askip=\skip44
\calc@Bskip=\skip45
LaTeX Info: Redefining \setlength on input line 80.
LaTeX Info: Redefining \addtolength on input line 81.
\calc@Ccount=\count110
\calc@Cskip=\skip46
)
(/usr/local/texlive/2016/texmf-dist/tex/latex/tools/shellesc.sty
Package: shellesc 2016/04/29 v0.01c unified shell escape interface for LaTeX
Package shellesc Info: Unrestricted shell escape ensabled on input line 65.
)
(/usr/local/texlive/2016/texmf-dist/tex/latex/ifplatform/ifplatform.sty
Package: ifplatform 2010/10/22 v0.4 Testing for the operating system

(/usr/local/texlive/2016/texmf-dist/tex/generic/oberdiek/pdftexcmds.sty
Package: pdftexcmds 2016/05/10 v0.21 Utility functions of pdfTeX for LuaTeX (HO
)
Package pdftexcmds Info: LuaTeX not detected.
Package pdftexcmds Info: \pdf@primitive is available.
Package pdftexcmds Info: \pdf@ifprimitive is available.
Package pdftexcmds Info: \pdfdraftmode found.
)
(/usr/local/texlive/2016/texmf-dist/tex/generic/oberdiek/catchfile.sty
Package: catchfile 2016/05/16 v1.7 Catch the contents of a file (HO)
)
runsystem(uname -s > "Donovan_Guelde_CSCI5352_PS3.w18")...executed.


(./Donovan_Guelde_CSCI5352_PS3.w18)
runsystem(rm -- "Donovan_Guelde_CSCI5352_PS3.w18")...executed.

)
(/usr/local/texlive/2016/texmf-dist/tex/generic/xstring/xstring.sty
(/usr/local/texlive/2016/texmf-dist/tex/generic/xstring/xstring.tex
\@xs@message=\write4
\integerpart=\count111
\decimalpart=\count112
)
Package: xstring 2013/10/13  v1.7c  String manipulations (C Tellechea)
)
(/usr/local/texlive/2016/texmf-dist/tex/latex/framed/framed.sty
Package: framed 2011/10/22 v 0.96: framed or shaded text with page breaks
\OuterFrameSep=\skip47
\fb@frw=\dimen125
\fb@frh=\dimen126
\FrameRule=\dimen127
\FrameSep=\dimen128
)
\minted@appexistsfile=\read2
\minted@bgbox=\box33
\minted@code=\write5
\c@minted@FancyVerbLineTemp=\count113
\c@minted@pygmentizecounter=\count114
\@float@every@listing=\toks20
\c@listing=\count115
)
runsystem(mkdir -p _minted-Donovan_Guelde_CSCI5352_PS3)...executed.


(/usr/local/texlive/2016/texmf-dist/tex/latex/xcolor/xcolor.sty
Package: xcolor 2016/05/11 v2.12 LaTeX color extensions (UK)

(/usr/local/texlive/2016/texmf-dist/tex/latex/graphics-cfg/color.cfg
File: color.cfg 2016/01/02 v1.6 sample color configuration
)
Package xcolor Info: Driver file: pdftex.def on input line 225.
Package xcolor Info: Model `cmy' substituted by `cmy0' on input line 1348.
Package xcolor Info: Model `hsb' substituted by `rgb' on input line 1352.
Package xcolor Info: Model `RGB' extended on input line 1364.
Package xcolor Info: Model `HTML' substituted by `rgb' on input line 1366.
Package xcolor Info: Model `Hsb' substituted by `hsb' on input line 1367.
Package xcolor Info: Model `tHsb' substituted by `hsb' on input line 1368.
Package xcolor Info: Model `HSB' substituted by `hsb' on input line 1369.
Package xcolor Info: Model `Gray' substituted by `gray' on input line 1370.
Package xcolor Info: Model `wave' substituted by `hsb' on input line 1371.
)
runsystem(which pygmentize && touch Donovan_Guelde_CSCI5352_PS3.aex)...executed
.

runsystem(rm Donovan_Guelde_CSCI5352_PS3.aex)...executed.


(./Donovan_Guelde_CSCI5352_PS3.aux)
\openout1 = `Donovan_Guelde_CSCI5352_PS3.aux'.

LaTeX Font Info:    Checking defaults for OML/cmm/m/it on input line 20.
LaTeX Font Info:    ... okay on input line 20.
LaTeX Font Info:    Checking defaults for T1/cmr/m/n on input line 20.
LaTeX Font Info:    ... okay on input line 20.
LaTeX Font Info:    Checking defaults for OT1/cmr/m/n on input line 20.
LaTeX Font Info:    ... okay on input line 20.
LaTeX Font Info:    Checking defaults for OMS/cmsy/m/n on input line 20.
LaTeX Font Info:    ... okay on input line 20.
LaTeX Font Info:    Checking defaults for OMX/cmex/m/n on input line 20.
LaTeX Font Info:    ... okay on input line 20.
LaTeX Font Info:    Checking defaults for U/cmr/m/n on input line 20.
LaTeX Font Info:    ... okay on input line 20.

*geometry* driver: auto-detecting
*geometry* detected driver: pdftex
*geometry* verbose mode - [ preamble ] result:
* driver: pdftex
* paper: letterpaper
* layout: <same size as paper>
* layoutoffset:(h,v)=(0.0pt,0.0pt)
* modes: 
* h-part:(L,W,R)=(92.14519pt, 430.00462pt, 92.14519pt)
* v-part:(T,H,B)=(95.39737pt, 556.47656pt, 143.09605pt)
* \paperwidth=614.295pt
* \paperheight=794.96999pt
* \textwidth=430.00462pt
* \textheight=556.47656pt
* \oddsidemargin=19.8752pt
* \evensidemargin=19.8752pt
* \topmargin=-13.87262pt
* \headheight=12.0pt
* \headsep=25.0pt
* \topskip=11.0pt
* \footskip=30.0pt
* \marginparwidth=59.0pt
* \marginparsep=10.0pt
* \columnsep=10.0pt
* \skip\footins=10.0pt plus 4.0pt minus 2.0pt
* \hoffset=0.0pt
* \voffset=0.0pt
* \mag=1000
* \@twocolumnfalse
* \@twosidefalse
* \@mparswitchfalse
* \@reversemarginfalse
* (1in=72.27pt=25.4mm, 1cm=28.453pt)

(/usr/local/texlive/2016/texmf-dist/tex/context/base/mkii/supp-pdf.mkii
[Loading MPS to PDF converter (version 2006.09.02).]
\scratchcounter=\count116
\scratchdimen=\dimen129
\scratchbox=\box34
\nofMPsegments=\count117
\nofMParguments=\count118
\everyMPshowfont=\toks21
\MPscratchCnt=\count119
\MPscratchDim=\dimen130
\MPnumerator=\count120
\makeMPintoPDFobject=\count121
\everyMPtoPDFconversion=\toks22
) (/usr/local/texlive/2016/texmf-dist/tex/latex/oberdiek/epstopdf-base.sty
Package: epstopdf-base 2016/05/15 v2.6 Base part for package epstopdf

(/usr/local/texlive/2016/texmf-dist/tex/latex/oberdiek/grfext.sty
Package: grfext 2016/05/16 v1.2 Manage graphics extensions (HO)

(/usr/local/texlive/2016/texmf-dist/tex/generic/oberdiek/kvdefinekeys.sty
Package: kvdefinekeys 2016/05/16 v1.4 Define keys (HO)
))
Package grfext Info: Graphics extension search list:
(grfext)             [.png,.pdf,.jpg,.mps,.jpeg,.jbig2,.jb2,.PNG,.PDF,.JPG,.JPE
G,.JBIG2,.JB2,.eps]
(grfext)             \AppendGraphicsExtensions on input line 456.

(/usr/local/texlive/2016/texmf-dist/tex/latex/latexconfig/epstopdf-sys.cfg
File: epstopdf-sys.cfg 2010/07/13 v1.3 Configuration of (r)epstopdf for TeX Liv
e
))
LaTeX Font Info:    Try loading font information for U+msa on input line 29.

(/usr/local/texlive/2016/texmf-dist/tex/latex/amsfonts/umsa.fd
File: umsa.fd 2013/01/14 v3.01 AMS symbols A
)
LaTeX Font Info:    Try loading font information for U+msb on input line 29.

(/usr/local/texlive/2016/texmf-dist/tex/latex/amsfonts/umsb.fd
File: umsb.fd 2013/01/14 v3.01 AMS symbols B
)
<karate.jpg, id=1, 1051.93pt x 674.52pt>
File: karate.jpg Graphic file (type jpg)
 <use karate.jpg>
Package pdftex.def Info: karate.jpg used on input line 69.
(pdftex.def)             Requested size: 262.98186pt x 168.62958pt.

<karateMerge.jpg, id=2, 1606.0pt x 1204.5pt>
File: karateMerge.jpg Graphic file (type jpg)
 <use karateMerge.jpg>
Package pdftex.def Info: karateMerge.jpg used on input line 71.
(pdftex.def)             Requested size: 240.8896pt x 180.6672pt.

<status.jpg, id=3, 1606.0pt x 1204.5pt>
File: status.jpg Graphic file (type jpg)
 <use status.jpg>
Package pdftex.def Info: status.jpg used on input line 81.
(pdftex.def)             Requested size: 240.8896pt x 180.6672pt.

<statusHist.jpg, id=4, 1606.0pt x 1204.5pt>
File: statusHist.jpg Graphic file (type jpg)
 <use statusHist.jpg>
Package pdftex.def Info: statusHist.jpg used on input line 81.
(pdftex.def)             Requested size: 240.8896pt x 180.6672pt.

<major.jpg, id=5, 1606.0pt x 1204.5pt>
File: major.jpg Graphic file (type jpg)
 <use major.jpg>
Package pdftex.def Info: major.jpg used on input line 83.
(pdftex.def)             Requested size: 240.8896pt x 180.6672pt.

<majorHist.jpg, id=6, 1606.0pt x 1204.5pt>
File: majorHist.jpg Graphic file (type jpg)
 <use majorHist.jpg>
Package pdftex.def Info: majorHist.jpg used on input line 83.
(pdftex.def)             Requested size: 240.8896pt x 180.6672pt.

<vertex.jpg, id=7, 1606.0pt x 1204.5pt>
File: vertex.jpg Graphic file (type jpg)
 <use vertex.jpg>
Package pdftex.def Info: vertex.jpg used on input line 85.
(pdftex.def)             Requested size: 240.8896pt x 180.6672pt.

<vertexHist.jpg, id=8, 1606.0pt x 1204.5pt>
File: vertexHist.jpg Graphic file (type jpg)
 <use vertexHist.jpg>
Package pdftex.def Info: vertexHist.jpg used on input line 85.
(pdftex.def)             Requested size: 240.8896pt x 180.6672pt.

<meanFractionalSize.png, id=9, 578.16pt x 433.62pt>
File: meanFractionalSize.png Graphic file (type png)

<use meanFractionalSize.png>
Package pdftex.def Info: meanFractionalSize.png used on input line 90.
(pdftex.def)             Requested size: 289.07928pt x 216.80946pt.

(./_minted-Donovan_Guelde_CSCI5352_PS3/default-pyg-prefix.pygstyle)
(./_minted-Donovan_Guelde_CSCI5352_PS3/default.pygstyle)
(./_minted-Donovan_Guelde_CSCI5352_PS3/06D9A20CEB7ABE3F3A37D9646B2C8D002167FB4D
8CF55507D406E2287CEC39B9.pygtex
Underfull \hbox (badness 10000) in paragraph at lines 29--1

 []


Underfull \hbox (badness 10000) in paragraph at lines 29--1

 []


Underfull \hbox (badness 10000) in paragraph at lines 29--1

 []


Underfull \hbox (badness 10000) in paragraph at lines 29--1

 []


Underfull \hbox (badness 10000) in paragraph at lines 29--1

 []


Underfull \hbox (badness 10000) in paragraph at lines 29--1

 []


Underfull \hbox (badness 10000) in paragraph at lines 29--1

 []


Underfull \hbox (badness 10000) in paragraph at lines 29--1

 []


Underfull \hbox (badness 10000) in paragraph at lines 29--1

 []


Underfull \hbox (badness 10000) in paragraph at lines 29--1

 []


Underfull \hbox (badness 10000) in paragraph at lines 29--1

 []


Overfull \hbox (51.77458pt too wide) in paragraph at lines 29--1
[][] 
 []


Underfull \hbox (badness 10000) in paragraph at lines 29--1

 []


Overfull \hbox (51.77458pt too wide) in paragraph at lines 29--1
[][] 
 []


Underfull \hbox (badness 10000) in paragraph at lines 29--1

 []


Overfull \hbox (51.77458pt too wide) in paragraph at lines 29--1
[][] 
 []


Underfull \hbox (badness 10000) in paragraph at lines 29--1

 []


Underfull \hbox (badness 10000) in paragraph at lines 29--1

 []


Underfull \hbox (badness 10000) in paragraph at lines 29--1

 []


Underfull \hbox (badness 10000) in paragraph at lines 29--1

 []


Underfull \hbox (badness 10000) in paragraph at lines 29--1

 []


Underfull \hbox (badness 10000) in paragraph at lines 29--1

 []


Underfull \hbox (badness 10000) in paragraph at lines 29--1

 []


Underfull \hbox (badness 10000) in paragraph at lines 29--1

 []


Underfull \hbox (badness 10000) in paragraph at lines 29--1

 []


Underfull \hbox (badness 10000) in paragraph at lines 29--1

 []


Underfull \hbox (badness 10000) in paragraph at lines 29--1

 []

[1

{/usr/local/texlive/2016/texmf-var/fonts/map/pdftex/updmap/pdftex.map}]
[2 <./karate.jpg> <./karateMerge.jpg>] [3 <./status.jpg> <./statusHist.jpg>]
[4 <./major.jpg> <./majorHist.jpg> <./vertex.jpg> <./vertexHist.jpg>] [5 <./mea
nFractionalSize.png>]
LaTeX Font Info:    Font shape `OT1/cmtt/bx/n' in size <8> not available
(Font)              Font shape `OT1/cmtt/m/n' tried instead on input line 8.
 [6] [7])
(./_minted-Donovan_Guelde_CSCI5352_PS3/BD14CCB9B3DE7435A4B29E0F2EDBCC22D45EF09F
123080D147D1C00D411B946C.pygtex [8] [9])
(./_minted-Donovan_Guelde_CSCI5352_PS3/2B30219BD1B6EDEB2650959FC577FC07B96B1525
9AF65909430D6E1F05F786A9.pygtex [10])
runsystem(pygmentize -l python -f latex -P commandprefix=PYG -F tokenmerge -o _
minted-Donovan_Guelde_CSCI5352_PS3/1E16B9D9FDFF8D37E3FF0BF8A043FDF4777C6ADD6A80
9D1AF35A8DEF6BFC4A53.pygtex plotter.py)...executed.


(./_minted-Donovan_Guelde_CSCI5352_PS3/1E16B9D9FDFF8D37E3FF0BF8A043FDF4777C6ADD
6A809D1AF35A8DEF6BFC4A53.pygtex [11] [12])
runsystem(rm _minted-Donovan_Guelde_CSCI5352_PS3/0BC745DD9FACF0A6087CA2B3999798
8E777C6ADD6A809D1AF35A8DEF6BFC4A53.pygtex)...executed.

 [13]
(./Donovan_Guelde_CSCI5352_PS3.aux) ) 
Here is how much of TeX's memory you used:
 5660 strings out of 493014
 95965 string characters out of 6133351
 224031 words of memory out of 5000000
 9085 multiletter control sequences out of 15000+600000
 8792 words of font info for 35 fonts, out of 8000000 for 9000
 1141 hyphenation exceptions out of 8191
 37i,8n,35p,841b,376s stack positions out of 5000i,500n,10000p,200000b,80000s
</usr/local/texlive/2016/texmf-dist/fonts/
type1/public/amsfonts/cm/cmex10.pfb></usr/local/texlive/2016/texmf-dist/fonts/t
ype1/public/amsfonts/cm/cmitt10.pfb></usr/local/texlive/2016/texmf-dist/fonts/t
ype1/public/amsfonts/cm/cmmi10.pfb></usr/local/texlive/2016/texmf-dist/fonts/ty
pe1/public/amsfonts/cm/cmmi8.pfb></usr/local/texlive/2016/texmf-dist/fonts/type
1/public/amsfonts/cm/cmr10.pfb></usr/local/texlive/2016/texmf-dist/fonts/type1/
public/amsfonts/cm/cmr6.pfb></usr/local/texlive/2016/texmf-dist/fonts/type1/pub
lic/amsfonts/cm/cmr8.pfb></usr/local/texlive/2016/texmf-dist/fonts/type1/public
/amsfonts/cm/cmsy10.pfb></usr/local/texlive/2016/texmf-dist/fonts/type1/public/
amsfonts/cm/cmsy6.pfb></usr/local/texlive/2016/texmf-dist/fonts/type1/public/am
sfonts/cm/cmsy8.pfb></usr/local/texlive/2016/texmf-dist/fonts/type1/public/amsf
onts/cm/cmtt8.pfb>
Output written on Donovan_Guelde_CSCI5352_PS3.pdf (13 pages, 1241400 bytes).
PDF statistics:
 102 PDF objects out of 1000 (max. 8388607)
 65 compressed objects within 1 object stream
 0 named destinations out of 1000 (max. 500000)
 46 words of extra memory for PDF output out of 10000 (max. 10000000)

